<?xml version="1.0" encoding="UTF-8"?>
<testsuite name="Computer test"
           tests="2"
           failures="0"
           errors="0"
           skipped="0"
           time="35.470">
  <properties />
  
  
            <testcase name="verifyProductArrangeInAlphabeticalOrder" time="10.133" classname="com.nopcommerce.demo.testsuite.ComputersTest" />
                <testcase name="verifyProductAddedToShoppingCartSuccessFully" time="25.337" classname="com.nopcommerce.demo.testsuite.ComputersTest" />
      
</testsuite>
